21:21:34:358  INFO 32128 --- [main] com.hmall.cart.CartApplication           : Starting CartApplication using Java 11.0.21 on Calyee with PID 32128 (D:\JavaDemo\cloud-hmall\cart-service\target\classes started by iCalyee in D:\JavaDemo\cloud-hmall)
21:21:34:364  INFO 32128 --- [main] com.hmall.cart.CartApplication           : The following 1 profile is active: "local"
21:21:35:546  INFO 32128 --- [main] .s.d.r.c.RepositoryConfigurationDelegate : Multiple Spring Data modules found, entering strict repository configuration mode
21:21:35:558  INFO 32128 --- [main] .s.d.r.c.RepositoryConfigurationDelegate : Bootstrapping Spring Data Redis repositories in DEFAULT mode.
21:21:35:587  INFO 32128 --- [main] .s.d.r.c.RepositoryConfigurationDelegate : Finished Spring Data repository scanning in 8 ms. Found 0 Redis repository interfaces.
21:21:35:823  INFO 32128 --- [main] o.s.cloud.context.scope.GenericScope     : BeanFactory id=8ffe36e5-3a84-3b47-a5f9-6c14c4c917f8
21:21:36:267  INFO 32128 --- [main] o.s.b.w.embedded.tomcat.TomcatWebServer  : Tomcat initialized with port(s): 8082 (http)
21:21:36:280  INFO 32128 --- [main] o.apache.catalina.core.StandardService   : Starting service [Tomcat]
21:21:36:282  INFO 32128 --- [main] org.apache.catalina.core.StandardEngine  : Starting Servlet engine: [Apache Tomcat/9.0.75]
21:21:36:469  INFO 32128 --- [main] o.a.c.c.C.[Tomcat].[localhost].[/]       : Initializing Spring embedded WebApplicationContext
21:21:36:469  INFO 32128 --- [main] w.s.c.ServletWebServerApplicationContext : Root WebApplicationContext: initialization completed in 2041 ms
21:21:36:715  INFO 32128 --- [main] o.s.c.openfeign.FeignClientFactoryBean   : For 'item-service' URL not provided. Will try picking an instance via load-balancing.
21:21:39:523  INFO 32128 --- [main] pertySourcedRequestMappingHandlerMapping : Mapped URL path [/v2/api-docs] onto method [springfox.documentation.swagger2.web.Swagger2ControllerWebMvc#getDocumentation(String, HttpServletRequest)]
21:21:40:547  INFO 32128 --- [main] com.alibaba.nacos.common.remote.client   : [RpcClientFactory] create a new rpc client of 898e1357-e403-4f37-bc2a-c74bc1184d2e
21:21:40:586  INFO 32128 --- [main] org.reflections.Reflections              : Reflections took 23 ms to scan 1 urls, producing 3 keys and 6 values 
21:21:40:608  INFO 32128 --- [main] org.reflections.Reflections              : Reflections took 8 ms to scan 1 urls, producing 4 keys and 9 values 
21:21:40:616  INFO 32128 --- [main] org.reflections.Reflections              : Reflections took 6 ms to scan 1 urls, producing 3 keys and 10 values 
21:21:40:619  WARN 32128 --- [main] org.reflections.Reflections              : given scan urls are empty. set urls in the configuration
21:21:40:625  INFO 32128 --- [main] org.reflections.Reflections              : Reflections took 6 ms to scan 1 urls, producing 1 keys and 5 values 
21:21:40:635  INFO 32128 --- [main] org.reflections.Reflections              : Reflections took 7 ms to scan 1 urls, producing 1 keys and 7 values 
21:21:40:642  INFO 32128 --- [main] org.reflections.Reflections              : Reflections took 5 ms to scan 1 urls, producing 2 keys and 8 values 
21:21:40:644  WARN 32128 --- [main] org.reflections.Reflections              : given scan urls are empty. set urls in the configuration
21:21:40:645  INFO 32128 --- [main] com.alibaba.nacos.common.remote.client   : [898e1357-e403-4f37-bc2a-c74bc1184d2e] RpcClient init label, labels = {module=naming, source=sdk}
21:21:40:646  INFO 32128 --- [main] com.alibaba.nacos.common.remote.client   : [898e1357-e403-4f37-bc2a-c74bc1184d2e] RpcClient init, ServerListFactory = com.alibaba.nacos.client.naming.core.ServerListManager
21:21:40:646  INFO 32128 --- [main] com.alibaba.nacos.common.remote.client   : [898e1357-e403-4f37-bc2a-c74bc1184d2e] Registry connection listener to current client:com.alibaba.nacos.client.naming.remote.gprc.redo.NamingGrpcRedoService
21:21:40:647  INFO 32128 --- [main] com.alibaba.nacos.common.remote.client   : [898e1357-e403-4f37-bc2a-c74bc1184d2e] Register server push request handler:com.alibaba.nacos.client.naming.remote.gprc.NamingPushRequestHandler
21:21:40:648  INFO 32128 --- [main] com.alibaba.nacos.common.remote.client   : [898e1357-e403-4f37-bc2a-c74bc1184d2e] Try to connect to server on start up, server: {serverIp = '127.0.0.1', server main port = 8848}
21:21:42:729  INFO 32128 --- [main] com.alibaba.nacos.common.remote.client   : [898e1357-e403-4f37-bc2a-c74bc1184d2e] Success to connect to server [127.0.0.1:8848] on start up, connectionId = 1700486502530_127.0.0.1_55202
21:21:42:729  INFO 32128 --- [com.alibaba.nacos.client.remote.worker] com.alibaba.nacos.common.remote.client   : [898e1357-e403-4f37-bc2a-c74bc1184d2e] Notify connected event to listeners.
21:21:42:731  INFO 32128 --- [main] com.alibaba.nacos.common.remote.client   : [898e1357-e403-4f37-bc2a-c74bc1184d2e] Register server push request handler:com.alibaba.nacos.common.remote.client.RpcClient$ConnectResetRequestHandler
21:21:42:732  INFO 32128 --- [main] com.alibaba.nacos.common.remote.client   : [898e1357-e403-4f37-bc2a-c74bc1184d2e] Register server push request handler:com.alibaba.nacos.common.remote.client.RpcClient$$Lambda$1129/0x0000000800803840
21:21:42:794  INFO 32128 --- [main] o.s.b.w.embedded.tomcat.TomcatWebServer  : Tomcat started on port(s): 8082 (http) with context path ''
21:21:42:806  INFO 32128 --- [main] c.a.c.n.registry.NacosServiceRegistry    : nacos registry, DEFAULT_GROUP cart-service 173.18.34.248:8082 register finished
21:21:43:291  INFO 32128 --- [nacos-grpc-client-executor-10] com.alibaba.nacos.common.remote.client   : [898e1357-e403-4f37-bc2a-c74bc1184d2e] Receive server push request, request = NotifySubscriberRequest, requestId = 6
21:21:43:299  INFO 32128 --- [nacos-grpc-client-executor-10] com.alibaba.nacos.common.remote.client   : [898e1357-e403-4f37-bc2a-c74bc1184d2e] Ack server push request, request = NotifySubscriberRequest, requestId = 6
21:21:43:454  INFO 32128 --- [main] d.s.w.p.DocumentationPluginsBootstrapper : Documentation plugins bootstrapped
21:21:43:457  INFO 32128 --- [main] d.s.w.p.DocumentationPluginsBootstrapper : Found 1 custom documentation plugin(s)
21:21:43:484  INFO 32128 --- [main] s.d.s.w.s.ApiListingReferenceScanner     : Scanning for api listing references
21:21:43:576  INFO 32128 --- [main] com.hmall.cart.CartApplication           : Started CartApplication in 10.522 seconds (JVM running for 11.733)
21:28:57:296  WARN 32128 --- [Thread-7] c.a.n.common.http.HttpClientBeanHolder   : [HttpClientBeanHolder] Start destroying common HttpClient
21:28:57:296  WARN 32128 --- [Thread-4] c.a.nacos.common.notify.NotifyCenter     : [NotifyCenter] Start destroying Publisher
21:28:57:296  WARN 32128 --- [Thread-4] c.a.nacos.common.notify.NotifyCenter     : [NotifyCenter] Destruction of the end
21:28:57:296  WARN 32128 --- [Thread-7] c.a.n.common.http.HttpClientBeanHolder   : [HttpClientBeanHolder] Destruction of the end
21:28:57:802  INFO 32128 --- [SpringApplicationShutdownHook] c.a.c.n.registry.NacosServiceRegistry    : De-registering from Nacos Server now...
21:28:57:802  INFO 32128 --- [SpringApplicationShutdownHook] c.a.c.n.registry.NacosServiceRegistry    : De-registration finished.
21:28:58:151  INFO 32128 --- [SpringApplicationShutdownHook] com.alibaba.nacos.common.remote.client   : Shutdown rpc client, set status to shutdown
21:28:58:151  INFO 32128 --- [SpringApplicationShutdownHook] com.alibaba.nacos.common.remote.client   : Shutdown client event executor java.util.concurrent.ScheduledThreadPoolExecutor@1a7ca82[Running, pool size = 2, active threads = 2, queued tasks = 0, completed tasks = 0]
21:28:58:152  INFO 32128 --- [SpringApplicationShutdownHook] com.alibaba.nacos.common.remote.client   : Close current connection 1700486502530_127.0.0.1_55202
21:28:58:153  INFO 32128 --- [nacos-grpc-client-executor-126] c.a.n.c.remote.client.grpc.GrpcClient    : [1700486502530_127.0.0.1_55202]Ignore complete event,isRunning:false,isAbandon=false
21:28:58:153  INFO 32128 --- [SpringApplicationShutdownHook] c.a.n.c.remote.client.grpc.GrpcClient    : Shutdown grpc executor java.util.concurrent.ThreadPoolExecutor@3e7c3079[Running, pool size = 5, active threads = 0, queued tasks = 0, completed tasks = 127]
