18:47:48:810  INFO 28148 --- [main] com.heima.item.ItemApplication           : Starting ItemApplication using Java 11.0.21 on Calyee with PID 28148 (D:\JavaDemo\cloud-hmall\item-service\target\classes started by iCalyee in D:\JavaDemo\cloud-hmall)
18:47:48:813 DEBUG 28148 --- [main] com.heima.item.ItemApplication           : Running with Spring Boot v2.7.12, Spring v5.3.27
18:47:48:815  INFO 28148 --- [main] com.heima.item.ItemApplication           : The following 1 profile is active: "local"
18:47:49:524  INFO 28148 --- [main] .s.d.r.c.RepositoryConfigurationDelegate : Multiple Spring Data modules found, entering strict repository configuration mode
18:47:49:525  INFO 28148 --- [main] .s.d.r.c.RepositoryConfigurationDelegate : Bootstrapping Spring Data Redis repositories in DEFAULT mode.
18:47:49:552  INFO 28148 --- [main] .s.d.r.c.RepositoryConfigurationDelegate : Finished Spring Data repository scanning in 15 ms. Found 0 Redis repository interfaces.
18:47:49:713  INFO 28148 --- [main] o.s.cloud.context.scope.GenericScope     : BeanFactory id=1e95186c-ffc6-3e36-aadc-2fc9af324239
18:47:49:981  INFO 28148 --- [main] o.s.b.w.embedded.tomcat.TomcatWebServer  : Tomcat initialized with port(s): 8081 (http)
18:47:49:988  INFO 28148 --- [main] o.apache.catalina.core.StandardService   : Starting service [Tomcat]
18:47:49:989  INFO 28148 --- [main] org.apache.catalina.core.StandardEngine  : Starting Servlet engine: [Apache Tomcat/9.0.75]
18:47:50:089  INFO 28148 --- [main] o.a.c.c.C.[Tomcat].[localhost].[/]       : Initializing Spring embedded WebApplicationContext
18:47:50:089  INFO 28148 --- [main] w.s.c.ServletWebServerApplicationContext : Root WebApplicationContext: initialization completed in 1239 ms
18:47:52:416  INFO 28148 --- [main] pertySourcedRequestMappingHandlerMapping : Mapped URL path [/v2/api-docs] onto method [springfox.documentation.swagger2.web.Swagger2ControllerWebMvc#getDocumentation(String, HttpServletRequest)]
18:47:53:251  INFO 28148 --- [main] com.alibaba.nacos.common.remote.client   : [RpcClientFactory] create a new rpc client of 283a8519-a902-4a81-9832-4f79ca6ec992
18:47:53:281  INFO 28148 --- [main] org.reflections.Reflections              : Reflections took 17 ms to scan 1 urls, producing 3 keys and 6 values 
18:47:53:299  INFO 28148 --- [main] org.reflections.Reflections              : Reflections took 8 ms to scan 1 urls, producing 4 keys and 9 values 
18:47:53:307  INFO 28148 --- [main] org.reflections.Reflections              : Reflections took 6 ms to scan 1 urls, producing 3 keys and 10 values 
18:47:53:309  WARN 28148 --- [main] org.reflections.Reflections              : given scan urls are empty. set urls in the configuration
18:47:53:315  INFO 28148 --- [main] org.reflections.Reflections              : Reflections took 5 ms to scan 1 urls, producing 1 keys and 5 values 
18:47:53:324  INFO 28148 --- [main] org.reflections.Reflections              : Reflections took 7 ms to scan 1 urls, producing 1 keys and 7 values 
18:47:53:341  INFO 28148 --- [main] org.reflections.Reflections              : Reflections took 16 ms to scan 1 urls, producing 2 keys and 8 values 
18:47:53:343  WARN 28148 --- [main] org.reflections.Reflections              : given scan urls are empty. set urls in the configuration
18:47:53:344  INFO 28148 --- [main] com.alibaba.nacos.common.remote.client   : [283a8519-a902-4a81-9832-4f79ca6ec992] RpcClient init label, labels = {module=naming, source=sdk}
18:47:53:344  INFO 28148 --- [main] com.alibaba.nacos.common.remote.client   : [283a8519-a902-4a81-9832-4f79ca6ec992] RpcClient init, ServerListFactory = com.alibaba.nacos.client.naming.core.ServerListManager
18:47:53:344  INFO 28148 --- [main] com.alibaba.nacos.common.remote.client   : [283a8519-a902-4a81-9832-4f79ca6ec992] Registry connection listener to current client:com.alibaba.nacos.client.naming.remote.gprc.redo.NamingGrpcRedoService
18:47:53:345  INFO 28148 --- [main] com.alibaba.nacos.common.remote.client   : [283a8519-a902-4a81-9832-4f79ca6ec992] Register server push request handler:com.alibaba.nacos.client.naming.remote.gprc.NamingPushRequestHandler
18:47:53:346  INFO 28148 --- [main] com.alibaba.nacos.common.remote.client   : [283a8519-a902-4a81-9832-4f79ca6ec992] Try to connect to server on start up, server: {serverIp = '127.0.0.1', server main port = 8848}
18:47:55:002  INFO 28148 --- [main] com.alibaba.nacos.common.remote.client   : [283a8519-a902-4a81-9832-4f79ca6ec992] Success to connect to server [127.0.0.1:8848] on start up, connectionId = 1700218074827_127.0.0.1_56640
18:47:55:002  INFO 28148 --- [com.alibaba.nacos.client.remote.worker] com.alibaba.nacos.common.remote.client   : [283a8519-a902-4a81-9832-4f79ca6ec992] Notify connected event to listeners.
18:47:55:003  INFO 28148 --- [main] com.alibaba.nacos.common.remote.client   : [283a8519-a902-4a81-9832-4f79ca6ec992] Register server push request handler:com.alibaba.nacos.common.remote.client.RpcClient$ConnectResetRequestHandler
18:47:55:004  INFO 28148 --- [main] com.alibaba.nacos.common.remote.client   : [283a8519-a902-4a81-9832-4f79ca6ec992] Register server push request handler:com.alibaba.nacos.common.remote.client.RpcClient$$Lambda$1062/0x000000080074a440
18:47:55:049  INFO 28148 --- [main] o.s.b.w.embedded.tomcat.TomcatWebServer  : Tomcat started on port(s): 8081 (http) with context path ''
18:47:55:061  INFO 28148 --- [main] c.a.c.n.registry.NacosServiceRegistry    : nacos registry, DEFAULT_GROUP item-service 173.18.34.248:8081 register finished
18:47:55:529  INFO 28148 --- [nacos-grpc-client-executor-10] com.alibaba.nacos.common.remote.client   : [283a8519-a902-4a81-9832-4f79ca6ec992] Receive server push request, request = NotifySubscriberRequest, requestId = 2
18:47:55:538  INFO 28148 --- [nacos-grpc-client-executor-10] com.alibaba.nacos.common.remote.client   : [283a8519-a902-4a81-9832-4f79ca6ec992] Ack server push request, request = NotifySubscriberRequest, requestId = 2
18:47:55:567  INFO 28148 --- [main] d.s.w.p.DocumentationPluginsBootstrapper : Documentation plugins bootstrapped
18:47:55:570  INFO 28148 --- [main] d.s.w.p.DocumentationPluginsBootstrapper : Found 1 custom documentation plugin(s)
18:47:55:591  INFO 28148 --- [main] s.d.s.w.s.ApiListingReferenceScanner     : Scanning for api listing references
18:47:55:688  INFO 28148 --- [main] com.heima.item.ItemApplication           : Started ItemApplication in 7.859 seconds (JVM running for 9.021)
18:49:14:505  INFO 9236 --- [main] com.heima.item.ItemApplication           : Starting ItemApplication using Java 11.0.21 on Calyee with PID 9236 (D:\JavaDemo\cloud-hmall\item-service\target\classes started by iCalyee in D:\JavaDemo\cloud-hmall)
18:49:14:508 DEBUG 9236 --- [main] com.heima.item.ItemApplication           : Running with Spring Boot v2.7.12, Spring v5.3.27
18:49:14:508  INFO 9236 --- [main] com.heima.item.ItemApplication           : The following 1 profile is active: "local"
18:49:15:270  INFO 9236 --- [main] .s.d.r.c.RepositoryConfigurationDelegate : Multiple Spring Data modules found, entering strict repository configuration mode
18:49:15:272  INFO 9236 --- [main] .s.d.r.c.RepositoryConfigurationDelegate : Bootstrapping Spring Data Redis repositories in DEFAULT mode.
18:49:15:295  INFO 9236 --- [main] .s.d.r.c.RepositoryConfigurationDelegate : Finished Spring Data repository scanning in 8 ms. Found 0 Redis repository interfaces.
18:49:15:482  INFO 9236 --- [main] o.s.cloud.context.scope.GenericScope     : BeanFactory id=1e95186c-ffc6-3e36-aadc-2fc9af324239
18:49:15:781  INFO 9236 --- [main] o.s.b.w.embedded.tomcat.TomcatWebServer  : Tomcat initialized with port(s): 8083 (http)
18:49:15:789  INFO 9236 --- [main] o.apache.catalina.core.StandardService   : Starting service [Tomcat]
18:49:15:789  INFO 9236 --- [main] org.apache.catalina.core.StandardEngine  : Starting Servlet engine: [Apache Tomcat/9.0.75]
18:49:15:897  INFO 9236 --- [main] o.a.c.c.C.[Tomcat].[localhost].[/]       : Initializing Spring embedded WebApplicationContext
18:49:15:897  INFO 9236 --- [main] w.s.c.ServletWebServerApplicationContext : Root WebApplicationContext: initialization completed in 1354 ms
18:49:18:417  INFO 9236 --- [main] pertySourcedRequestMappingHandlerMapping : Mapped URL path [/v2/api-docs] onto method [springfox.documentation.swagger2.web.Swagger2ControllerWebMvc#getDocumentation(String, HttpServletRequest)]
18:49:19:284  INFO 9236 --- [main] com.alibaba.nacos.common.remote.client   : [RpcClientFactory] create a new rpc client of 82e0738d-e9b0-443a-9a69-0181ea9955c5
18:49:19:317  INFO 9236 --- [main] org.reflections.Reflections              : Reflections took 18 ms to scan 1 urls, producing 3 keys and 6 values 
18:49:19:335  INFO 9236 --- [main] org.reflections.Reflections              : Reflections took 8 ms to scan 1 urls, producing 4 keys and 9 values 
18:49:19:343  INFO 9236 --- [main] org.reflections.Reflections              : Reflections took 6 ms to scan 1 urls, producing 3 keys and 10 values 
18:49:19:345  WARN 9236 --- [main] org.reflections.Reflections              : given scan urls are empty. set urls in the configuration
18:49:19:351  INFO 9236 --- [main] org.reflections.Reflections              : Reflections took 6 ms to scan 1 urls, producing 1 keys and 5 values 
18:49:19:369  INFO 9236 --- [main] org.reflections.Reflections              : Reflections took 16 ms to scan 1 urls, producing 1 keys and 7 values 
18:49:19:376  INFO 9236 --- [main] org.reflections.Reflections              : Reflections took 6 ms to scan 1 urls, producing 2 keys and 8 values 
18:49:19:378  WARN 9236 --- [main] org.reflections.Reflections              : given scan urls are empty. set urls in the configuration
18:49:19:379  INFO 9236 --- [main] com.alibaba.nacos.common.remote.client   : [82e0738d-e9b0-443a-9a69-0181ea9955c5] RpcClient init label, labels = {module=naming, source=sdk}
18:49:19:380  INFO 9236 --- [main] com.alibaba.nacos.common.remote.client   : [82e0738d-e9b0-443a-9a69-0181ea9955c5] RpcClient init, ServerListFactory = com.alibaba.nacos.client.naming.core.ServerListManager
18:49:19:380  INFO 9236 --- [main] com.alibaba.nacos.common.remote.client   : [82e0738d-e9b0-443a-9a69-0181ea9955c5] Registry connection listener to current client:com.alibaba.nacos.client.naming.remote.gprc.redo.NamingGrpcRedoService
18:49:19:381  INFO 9236 --- [main] com.alibaba.nacos.common.remote.client   : [82e0738d-e9b0-443a-9a69-0181ea9955c5] Register server push request handler:com.alibaba.nacos.client.naming.remote.gprc.NamingPushRequestHandler
18:49:19:382  INFO 9236 --- [main] com.alibaba.nacos.common.remote.client   : [82e0738d-e9b0-443a-9a69-0181ea9955c5] Try to connect to server on start up, server: {serverIp = '127.0.0.1', server main port = 8848}
18:49:21:264  INFO 9236 --- [main] com.alibaba.nacos.common.remote.client   : [82e0738d-e9b0-443a-9a69-0181ea9955c5] Success to connect to server [127.0.0.1:8848] on start up, connectionId = 1700218161085_127.0.0.1_56825
18:49:21:264  INFO 9236 --- [com.alibaba.nacos.client.remote.worker] com.alibaba.nacos.common.remote.client   : [82e0738d-e9b0-443a-9a69-0181ea9955c5] Notify connected event to listeners.
18:49:21:266  INFO 9236 --- [main] com.alibaba.nacos.common.remote.client   : [82e0738d-e9b0-443a-9a69-0181ea9955c5] Register server push request handler:com.alibaba.nacos.common.remote.client.RpcClient$ConnectResetRequestHandler
18:49:21:266  INFO 9236 --- [main] com.alibaba.nacos.common.remote.client   : [82e0738d-e9b0-443a-9a69-0181ea9955c5] Register server push request handler:com.alibaba.nacos.common.remote.client.RpcClient$$Lambda$1062/0x0000000800742040
18:49:21:319  INFO 9236 --- [main] o.s.b.w.embedded.tomcat.TomcatWebServer  : Tomcat started on port(s): 8083 (http) with context path ''
18:49:21:330  INFO 9236 --- [main] c.a.c.n.registry.NacosServiceRegistry    : nacos registry, DEFAULT_GROUP item-service 173.18.34.248:8083 register finished
18:49:21:785  INFO 28148 --- [nacos-grpc-client-executor-44] com.alibaba.nacos.common.remote.client   : [283a8519-a902-4a81-9832-4f79ca6ec992] Receive server push request, request = NotifySubscriberRequest, requestId = 4
18:49:21:791  INFO 28148 --- [nacos-grpc-client-executor-44] com.alibaba.nacos.common.remote.client   : [283a8519-a902-4a81-9832-4f79ca6ec992] Ack server push request, request = NotifySubscriberRequest, requestId = 4
18:49:21:796  INFO 9236 --- [nacos-grpc-client-executor-10] com.alibaba.nacos.common.remote.client   : [82e0738d-e9b0-443a-9a69-0181ea9955c5] Receive server push request, request = NotifySubscriberRequest, requestId = 3
18:49:21:804  INFO 9236 --- [nacos-grpc-client-executor-10] com.alibaba.nacos.common.remote.client   : [82e0738d-e9b0-443a-9a69-0181ea9955c5] Ack server push request, request = NotifySubscriberRequest, requestId = 3
18:49:21:895  INFO 9236 --- [main] d.s.w.p.DocumentationPluginsBootstrapper : Documentation plugins bootstrapped
18:49:21:899  INFO 9236 --- [main] d.s.w.p.DocumentationPluginsBootstrapper : Found 1 custom documentation plugin(s)
18:49:21:930  INFO 9236 --- [main] s.d.s.w.s.ApiListingReferenceScanner     : Scanning for api listing references
18:49:22:080  INFO 9236 --- [main] com.heima.item.ItemApplication           : Started ItemApplication in 8.726 seconds (JVM running for 10.047)
19:34:49:521  INFO 9236 --- [http-nio-8083-exec-1] o.a.c.c.C.[Tomcat].[localhost].[/]       : Initializing Spring DispatcherServlet 'dispatcherServlet'
19:34:49:524  INFO 9236 --- [http-nio-8083-exec-1] o.s.web.servlet.DispatcherServlet        : Initializing Servlet 'dispatcherServlet'
19:34:49:537  INFO 9236 --- [http-nio-8083-exec-1] o.s.web.servlet.DispatcherServlet        : Completed initialization in 13 ms
19:34:49:643  INFO 9236 --- [http-nio-8083-exec-1] com.zaxxer.hikari.HikariDataSource       : HikariPool-1 - Starting...
19:34:49:926  INFO 9236 --- [http-nio-8083-exec-1] com.zaxxer.hikari.HikariDataSource       : HikariPool-1 - Start completed.
19:34:49:933 DEBUG 9236 --- [http-nio-8083-exec-1] c.h.i.mapper.ItemMapper.selectBatchIds   : ==>  Preparing: SELECT id,name,price,stock,image,category,brand,spec,sold,comment_count,isAD,status,create_time,update_time,creater,updater FROM item WHERE id IN ( ? )
19:34:49:957 DEBUG 9236 --- [http-nio-8083-exec-1] c.h.i.mapper.ItemMapper.selectBatchIds   : ==> Parameters: 100000006163(Long)
19:34:49:997 DEBUG 9236 --- [http-nio-8083-exec-1] c.h.i.mapper.ItemMapper.selectBatchIds   : <==      Total: 1
20:26:20:938  WARN 28148 --- [Thread-4] c.a.nacos.common.notify.NotifyCenter     : [NotifyCenter] Start destroying Publisher
20:26:20:938  WARN 28148 --- [Thread-7] c.a.n.common.http.HttpClientBeanHolder   : [HttpClientBeanHolder] Start destroying common HttpClient
20:26:20:948  WARN 28148 --- [Thread-4] c.a.nacos.common.notify.NotifyCenter     : [NotifyCenter] Destruction of the end
20:26:20:952  WARN 28148 --- [Thread-7] c.a.n.common.http.HttpClientBeanHolder   : [HttpClientBeanHolder] Destruction of the end
20:26:21:571  INFO 28148 --- [SpringApplicationShutdownHook] c.a.c.n.registry.NacosServiceRegistry    : De-registering from Nacos Server now...
20:26:21:574  INFO 28148 --- [SpringApplicationShutdownHook] c.a.c.n.registry.NacosServiceRegistry    : De-registration finished.
20:26:21:918  INFO 28148 --- [SpringApplicationShutdownHook] com.alibaba.nacos.common.remote.client   : Shutdown rpc client, set status to shutdown
20:26:21:919  INFO 28148 --- [SpringApplicationShutdownHook] com.alibaba.nacos.common.remote.client   : Shutdown client event executor java.util.concurrent.ScheduledThreadPoolExecutor@85ff5a5[Running, pool size = 2, active threads = 2, queued tasks = 0, completed tasks = 0]
20:26:21:919  INFO 28148 --- [SpringApplicationShutdownHook] com.alibaba.nacos.common.remote.client   : Close current connection 1700218074827_127.0.0.1_56640
20:26:21:921  INFO 28148 --- [nacos-grpc-client-executor-1236] c.a.n.c.remote.client.grpc.GrpcClient    : [1700218074827_127.0.0.1_56640]Ignore complete event,isRunning:false,isAbandon=false
20:26:21:928  INFO 28148 --- [SpringApplicationShutdownHook] c.a.n.c.remote.client.grpc.GrpcClient    : Shutdown grpc executor java.util.concurrent.ThreadPoolExecutor@cf6ebf1[Running, pool size = 5, active threads = 0, queued tasks = 0, completed tasks = 1237]
20:26:22:081  INFO 9236 --- [nacos-grpc-client-executor-1202] com.alibaba.nacos.common.remote.client   : [82e0738d-e9b0-443a-9a69-0181ea9955c5] Receive server push request, request = NotifySubscriberRequest, requestId = 8
20:26:22:093  INFO 9236 --- [nacos-grpc-client-executor-1202] com.alibaba.nacos.common.remote.client   : [82e0738d-e9b0-443a-9a69-0181ea9955c5] Ack server push request, request = NotifySubscriberRequest, requestId = 8
20:26:22:728  WARN 9236 --- [Thread-7] c.a.n.common.http.HttpClientBeanHolder   : [HttpClientBeanHolder] Start destroying common HttpClient
20:26:22:728  WARN 9236 --- [Thread-4] c.a.nacos.common.notify.NotifyCenter     : [NotifyCenter] Start destroying Publisher
20:26:22:728  WARN 9236 --- [Thread-4] c.a.nacos.common.notify.NotifyCenter     : [NotifyCenter] Destruction of the end
20:26:22:731  WARN 9236 --- [Thread-7] c.a.n.common.http.HttpClientBeanHolder   : [HttpClientBeanHolder] Destruction of the end
20:26:23:222  INFO 9236 --- [SpringApplicationShutdownHook] c.a.c.n.registry.NacosServiceRegistry    : De-registering from Nacos Server now...
20:26:23:225  INFO 9236 --- [SpringApplicationShutdownHook] c.a.c.n.registry.NacosServiceRegistry    : De-registration finished.
20:26:23:313  INFO 9236 --- [SpringApplicationShutdownHook] com.alibaba.nacos.common.remote.client   : Shutdown rpc client, set status to shutdown
20:26:23:313  INFO 9236 --- [SpringApplicationShutdownHook] com.alibaba.nacos.common.remote.client   : Shutdown client event executor java.util.concurrent.ScheduledThreadPoolExecutor@75b2ff5b[Running, pool size = 2, active threads = 2, queued tasks = 0, completed tasks = 0]
20:26:23:314  INFO 9236 --- [SpringApplicationShutdownHook] com.alibaba.nacos.common.remote.client   : Close current connection 1700218161085_127.0.0.1_56825
20:26:23:316  INFO 9236 --- [nacos-grpc-client-executor-1205] c.a.n.c.remote.client.grpc.GrpcClient    : [1700218161085_127.0.0.1_56825]Ignore complete event,isRunning:false,isAbandon=false
20:26:23:321  INFO 9236 --- [SpringApplicationShutdownHook] c.a.n.c.remote.client.grpc.GrpcClient    : Shutdown grpc executor java.util.concurrent.ThreadPoolExecutor@7f95ac90[Running, pool size = 6, active threads = 0, queued tasks = 0, completed tasks = 1206]
20:26:23:330  INFO 9236 --- [SpringApplicationShutdownHook] com.zaxxer.hikari.HikariDataSource       : HikariPool-1 - Shutdown initiated...
20:26:23:345  INFO 9236 --- [SpringApplicationShutdownHook] com.zaxxer.hikari.HikariDataSource       : HikariPool-1 - Shutdown completed.
21:26:11:068  INFO 15880 --- [main] com.heima.item.ItemApplication           : Starting ItemApplication using Java 11.0.21 on Calyee with PID 15880 (D:\JavaDemo\cloud-hmall\item-service\target\classes started by iCalyee in D:\JavaDemo\cloud-hmall)
21:26:11:072 DEBUG 15880 --- [main] com.heima.item.ItemApplication           : Running with Spring Boot v2.7.12, Spring v5.3.27
21:26:11:072  INFO 15880 --- [main] com.heima.item.ItemApplication           : The following 1 profile is active: "local"
21:26:11:883  INFO 15880 --- [main] .s.d.r.c.RepositoryConfigurationDelegate : Multiple Spring Data modules found, entering strict repository configuration mode
21:26:11:886  INFO 15880 --- [main] .s.d.r.c.RepositoryConfigurationDelegate : Bootstrapping Spring Data Redis repositories in DEFAULT mode.
21:26:11:915  INFO 15880 --- [main] .s.d.r.c.RepositoryConfigurationDelegate : Finished Spring Data repository scanning in 13 ms. Found 0 Redis repository interfaces.
21:26:12:148  INFO 15880 --- [main] o.s.cloud.context.scope.GenericScope     : BeanFactory id=1e95186c-ffc6-3e36-aadc-2fc9af324239
21:26:12:524  INFO 15880 --- [main] o.s.b.w.embedded.tomcat.TomcatWebServer  : Tomcat initialized with port(s): 8081 (http)
21:26:12:531  INFO 15880 --- [main] o.apache.catalina.core.StandardService   : Starting service [Tomcat]
21:26:12:531  INFO 15880 --- [main] org.apache.catalina.core.StandardEngine  : Starting Servlet engine: [Apache Tomcat/9.0.75]
21:26:12:640  INFO 15880 --- [main] o.a.c.c.C.[Tomcat].[localhost].[/]       : Initializing Spring embedded WebApplicationContext
21:26:12:641  INFO 15880 --- [main] w.s.c.ServletWebServerApplicationContext : Root WebApplicationContext: initialization completed in 1528 ms
21:26:14:372  INFO 35044 --- [main] com.heima.item.ItemApplication           : Starting ItemApplication using Java 11.0.21 on Calyee with PID 35044 (D:\JavaDemo\cloud-hmall\item-service\target\classes started by iCalyee in D:\JavaDemo\cloud-hmall)
21:26:14:375 DEBUG 35044 --- [main] com.heima.item.ItemApplication           : Running with Spring Boot v2.7.12, Spring v5.3.27
21:26:14:375  INFO 35044 --- [main] com.heima.item.ItemApplication           : The following 1 profile is active: "local"
21:26:15:423  INFO 35044 --- [main] .s.d.r.c.RepositoryConfigurationDelegate : Multiple Spring Data modules found, entering strict repository configuration mode
21:26:15:426  INFO 35044 --- [main] .s.d.r.c.RepositoryConfigurationDelegate : Bootstrapping Spring Data Redis repositories in DEFAULT mode.
21:26:15:465  INFO 35044 --- [main] .s.d.r.c.RepositoryConfigurationDelegate : Finished Spring Data repository scanning in 14 ms. Found 0 Redis repository interfaces.
21:26:15:807  INFO 35044 --- [main] o.s.cloud.context.scope.GenericScope     : BeanFactory id=1e95186c-ffc6-3e36-aadc-2fc9af324239
21:26:16:080  INFO 15880 --- [main] pertySourcedRequestMappingHandlerMapping : Mapped URL path [/v2/api-docs] onto method [springfox.documentation.swagger2.web.Swagger2ControllerWebMvc#getDocumentation(String, HttpServletRequest)]
21:26:16:290  INFO 35044 --- [main] o.s.b.w.embedded.tomcat.TomcatWebServer  : Tomcat initialized with port(s): 8083 (http)
21:26:16:302  INFO 35044 --- [main] o.apache.catalina.core.StandardService   : Starting service [Tomcat]
21:26:16:302  INFO 35044 --- [main] org.apache.catalina.core.StandardEngine  : Starting Servlet engine: [Apache Tomcat/9.0.75]
21:26:16:448  INFO 35044 --- [main] o.a.c.c.C.[Tomcat].[localhost].[/]       : Initializing Spring embedded WebApplicationContext
21:26:16:448  INFO 35044 --- [main] w.s.c.ServletWebServerApplicationContext : Root WebApplicationContext: initialization completed in 2032 ms
21:26:17:386  INFO 15880 --- [main] com.alibaba.nacos.common.remote.client   : [RpcClientFactory] create a new rpc client of 7ca17707-8941-46cb-900c-7f6533abdc7e
21:26:17:427  INFO 15880 --- [main] org.reflections.Reflections              : Reflections took 23 ms to scan 1 urls, producing 3 keys and 6 values 
21:26:17:449  INFO 15880 --- [main] org.reflections.Reflections              : Reflections took 9 ms to scan 1 urls, producing 4 keys and 9 values 
21:26:17:459  INFO 15880 --- [main] org.reflections.Reflections              : Reflections took 7 ms to scan 1 urls, producing 3 keys and 10 values 
21:26:17:461  WARN 15880 --- [main] org.reflections.Reflections              : given scan urls are empty. set urls in the configuration
21:26:17:467  INFO 15880 --- [main] org.reflections.Reflections              : Reflections took 5 ms to scan 1 urls, producing 1 keys and 5 values 
21:26:17:475  INFO 15880 --- [main] org.reflections.Reflections              : Reflections took 6 ms to scan 1 urls, producing 1 keys and 7 values 
21:26:17:484  INFO 15880 --- [main] org.reflections.Reflections              : Reflections took 6 ms to scan 1 urls, producing 2 keys and 8 values 
21:26:17:485  WARN 15880 --- [main] org.reflections.Reflections              : given scan urls are empty. set urls in the configuration
21:26:17:486  INFO 15880 --- [main] com.alibaba.nacos.common.remote.client   : [7ca17707-8941-46cb-900c-7f6533abdc7e] RpcClient init label, labels = {module=naming, source=sdk}
21:26:17:487  INFO 15880 --- [main] com.alibaba.nacos.common.remote.client   : [7ca17707-8941-46cb-900c-7f6533abdc7e] RpcClient init, ServerListFactory = com.alibaba.nacos.client.naming.core.ServerListManager
21:26:17:488  INFO 15880 --- [main] com.alibaba.nacos.common.remote.client   : [7ca17707-8941-46cb-900c-7f6533abdc7e] Registry connection listener to current client:com.alibaba.nacos.client.naming.remote.gprc.redo.NamingGrpcRedoService
21:26:17:488  INFO 15880 --- [main] com.alibaba.nacos.common.remote.client   : [7ca17707-8941-46cb-900c-7f6533abdc7e] Register server push request handler:com.alibaba.nacos.client.naming.remote.gprc.NamingPushRequestHandler
21:26:17:501  INFO 15880 --- [main] com.alibaba.nacos.common.remote.client   : [7ca17707-8941-46cb-900c-7f6533abdc7e] Try to connect to server on start up, server: {serverIp = '127.0.0.1', server main port = 8848}
21:26:19:571  INFO 35044 --- [main] pertySourcedRequestMappingHandlerMapping : Mapped URL path [/v2/api-docs] onto method [springfox.documentation.swagger2.web.Swagger2ControllerWebMvc#getDocumentation(String, HttpServletRequest)]
21:26:19:638  INFO 15880 --- [main] com.alibaba.nacos.common.remote.client   : [7ca17707-8941-46cb-900c-7f6533abdc7e] Success to connect to server [127.0.0.1:8848] on start up, connectionId = 1700227579448_127.0.0.1_52476
21:26:19:638  INFO 15880 --- [com.alibaba.nacos.client.remote.worker] com.alibaba.nacos.common.remote.client   : [7ca17707-8941-46cb-900c-7f6533abdc7e] Notify connected event to listeners.
21:26:19:640  INFO 15880 --- [main] com.alibaba.nacos.common.remote.client   : [7ca17707-8941-46cb-900c-7f6533abdc7e] Register server push request handler:com.alibaba.nacos.common.remote.client.RpcClient$ConnectResetRequestHandler
21:26:19:641  INFO 15880 --- [main] com.alibaba.nacos.common.remote.client   : [7ca17707-8941-46cb-900c-7f6533abdc7e] Register server push request handler:com.alibaba.nacos.common.remote.client.RpcClient$$Lambda$1062/0x00000008007cf840
21:26:19:695  INFO 15880 --- [main] o.s.b.w.embedded.tomcat.TomcatWebServer  : Tomcat started on port(s): 8081 (http) with context path ''
21:26:19:706  INFO 15880 --- [main] c.a.c.n.registry.NacosServiceRegistry    : nacos registry, DEFAULT_GROUP item-service 173.18.34.248:8081 register finished
21:26:20:230  INFO 15880 --- [nacos-grpc-client-executor-9] com.alibaba.nacos.common.remote.client   : [7ca17707-8941-46cb-900c-7f6533abdc7e] Receive server push request, request = NotifySubscriberRequest, requestId = 21
21:26:20:238  INFO 15880 --- [nacos-grpc-client-executor-9] com.alibaba.nacos.common.remote.client   : [7ca17707-8941-46cb-900c-7f6533abdc7e] Ack server push request, request = NotifySubscriberRequest, requestId = 21
21:26:20:264  INFO 15880 --- [main] d.s.w.p.DocumentationPluginsBootstrapper : Documentation plugins bootstrapped
21:26:20:267  INFO 15880 --- [main] d.s.w.p.DocumentationPluginsBootstrapper : Found 1 custom documentation plugin(s)
21:26:20:294  INFO 15880 --- [main] s.d.s.w.s.ApiListingReferenceScanner     : Scanning for api listing references
21:26:20:425  INFO 15880 --- [main] com.heima.item.ItemApplication           : Started ItemApplication in 10.512 seconds (JVM running for 11.571)
21:26:20:541  INFO 35044 --- [main] com.alibaba.nacos.common.remote.client   : [RpcClientFactory] create a new rpc client of 37c722b4-a3ce-4a1d-b24d-2f52aa0be27d
21:26:20:578  INFO 35044 --- [main] org.reflections.Reflections              : Reflections took 19 ms to scan 1 urls, producing 3 keys and 6 values 
21:26:20:598  INFO 35044 --- [main] org.reflections.Reflections              : Reflections took 9 ms to scan 1 urls, producing 4 keys and 9 values 
21:26:20:607  INFO 35044 --- [main] org.reflections.Reflections              : Reflections took 7 ms to scan 1 urls, producing 3 keys and 10 values 
21:26:20:608  WARN 35044 --- [main] org.reflections.Reflections              : given scan urls are empty. set urls in the configuration
21:26:20:617  INFO 35044 --- [main] org.reflections.Reflections              : Reflections took 6 ms to scan 1 urls, producing 1 keys and 5 values 
21:26:20:628  INFO 35044 --- [main] org.reflections.Reflections              : Reflections took 9 ms to scan 1 urls, producing 1 keys and 7 values 
21:26:20:646  INFO 35044 --- [main] org.reflections.Reflections              : Reflections took 15 ms to scan 1 urls, producing 2 keys and 8 values 
21:26:20:648  WARN 35044 --- [main] org.reflections.Reflections              : given scan urls are empty. set urls in the configuration
21:26:20:649  INFO 35044 --- [main] com.alibaba.nacos.common.remote.client   : [37c722b4-a3ce-4a1d-b24d-2f52aa0be27d] RpcClient init label, labels = {module=naming, source=sdk}
21:26:20:650  INFO 35044 --- [main] com.alibaba.nacos.common.remote.client   : [37c722b4-a3ce-4a1d-b24d-2f52aa0be27d] RpcClient init, ServerListFactory = com.alibaba.nacos.client.naming.core.ServerListManager
21:26:20:650  INFO 35044 --- [main] com.alibaba.nacos.common.remote.client   : [37c722b4-a3ce-4a1d-b24d-2f52aa0be27d] Registry connection listener to current client:com.alibaba.nacos.client.naming.remote.gprc.redo.NamingGrpcRedoService
21:26:20:651  INFO 35044 --- [main] com.alibaba.nacos.common.remote.client   : [37c722b4-a3ce-4a1d-b24d-2f52aa0be27d] Register server push request handler:com.alibaba.nacos.client.naming.remote.gprc.NamingPushRequestHandler
21:26:20:653  INFO 35044 --- [main] com.alibaba.nacos.common.remote.client   : [37c722b4-a3ce-4a1d-b24d-2f52aa0be27d] Try to connect to server on start up, server: {serverIp = '127.0.0.1', server main port = 8848}
21:26:22:549  INFO 35044 --- [main] com.alibaba.nacos.common.remote.client   : [37c722b4-a3ce-4a1d-b24d-2f52aa0be27d] Success to connect to server [127.0.0.1:8848] on start up, connectionId = 1700227582378_127.0.0.1_52551
21:26:22:549  INFO 35044 --- [com.alibaba.nacos.client.remote.worker] com.alibaba.nacos.common.remote.client   : [37c722b4-a3ce-4a1d-b24d-2f52aa0be27d] Notify connected event to listeners.
21:26:22:550  INFO 35044 --- [main] com.alibaba.nacos.common.remote.client   : [37c722b4-a3ce-4a1d-b24d-2f52aa0be27d] Register server push request handler:com.alibaba.nacos.common.remote.client.RpcClient$ConnectResetRequestHandler
21:26:22:550  INFO 35044 --- [main] com.alibaba.nacos.common.remote.client   : [37c722b4-a3ce-4a1d-b24d-2f52aa0be27d] Register server push request handler:com.alibaba.nacos.common.remote.client.RpcClient$$Lambda$1062/0x0000000800857840
21:26:22:600  INFO 35044 --- [main] o.s.b.w.embedded.tomcat.TomcatWebServer  : Tomcat started on port(s): 8083 (http) with context path ''
21:26:22:610  INFO 35044 --- [main] c.a.c.n.registry.NacosServiceRegistry    : nacos registry, DEFAULT_GROUP item-service 173.18.34.248:8083 register finished
21:26:23:081  INFO 15880 --- [nacos-grpc-client-executor-12] com.alibaba.nacos.common.remote.client   : [7ca17707-8941-46cb-900c-7f6533abdc7e] Receive server push request, request = NotifySubscriberRequest, requestId = 23
21:26:23:088  INFO 15880 --- [nacos-grpc-client-executor-12] com.alibaba.nacos.common.remote.client   : [7ca17707-8941-46cb-900c-7f6533abdc7e] Ack server push request, request = NotifySubscriberRequest, requestId = 23
21:26:23:092  INFO 35044 --- [nacos-grpc-client-executor-9] com.alibaba.nacos.common.remote.client   : [37c722b4-a3ce-4a1d-b24d-2f52aa0be27d] Receive server push request, request = NotifySubscriberRequest, requestId = 22
21:26:23:099  INFO 35044 --- [nacos-grpc-client-executor-9] com.alibaba.nacos.common.remote.client   : [37c722b4-a3ce-4a1d-b24d-2f52aa0be27d] Ack server push request, request = NotifySubscriberRequest, requestId = 22
21:26:23:128  INFO 35044 --- [main] d.s.w.p.DocumentationPluginsBootstrapper : Documentation plugins bootstrapped
21:26:23:130  INFO 35044 --- [main] d.s.w.p.DocumentationPluginsBootstrapper : Found 1 custom documentation plugin(s)
21:26:23:155  INFO 35044 --- [main] s.d.s.w.s.ApiListingReferenceScanner     : Scanning for api listing references
21:26:23:267  INFO 35044 --- [main] com.heima.item.ItemApplication           : Started ItemApplication in 10.13 seconds (JVM running for 11.251)
21:26:29:859  WARN 35044 --- [Thread-4] c.a.nacos.common.notify.NotifyCenter     : [NotifyCenter] Start destroying Publisher
21:26:29:859  WARN 35044 --- [Thread-7] c.a.n.common.http.HttpClientBeanHolder   : [HttpClientBeanHolder] Start destroying common HttpClient
21:26:29:859  WARN 35044 --- [Thread-4] c.a.nacos.common.notify.NotifyCenter     : [NotifyCenter] Destruction of the end
21:26:29:859  WARN 35044 --- [Thread-7] c.a.n.common.http.HttpClientBeanHolder   : [HttpClientBeanHolder] Destruction of the end
21:26:30:263  INFO 35044 --- [SpringApplicationShutdownHook] c.a.c.n.registry.NacosServiceRegistry    : De-registering from Nacos Server now...
21:26:30:270  INFO 35044 --- [SpringApplicationShutdownHook] c.a.c.n.registry.NacosServiceRegistry    : De-registration finished.
21:26:30:856  INFO 35044 --- [SpringApplicationShutdownHook] com.alibaba.nacos.common.remote.client   : Shutdown rpc client, set status to shutdown
21:26:30:856  INFO 35044 --- [SpringApplicationShutdownHook] com.alibaba.nacos.common.remote.client   : Shutdown client event executor java.util.concurrent.ScheduledThreadPoolExecutor@3df38064[Running, pool size = 2, active threads = 2, queued tasks = 0, completed tasks = 0]
21:26:30:856  INFO 35044 --- [SpringApplicationShutdownHook] com.alibaba.nacos.common.remote.client   : Close current connection 1700227582378_127.0.0.1_52551
21:26:30:858  INFO 35044 --- [nacos-grpc-client-executor-13] c.a.n.c.remote.client.grpc.GrpcClient    : [1700227582378_127.0.0.1_52551]Ignore complete event,isRunning:false,isAbandon=false
21:26:30:862  INFO 35044 --- [SpringApplicationShutdownHook] c.a.n.c.remote.client.grpc.GrpcClient    : Shutdown grpc executor java.util.concurrent.ThreadPoolExecutor@c9844b[Running, pool size = 14, active threads = 0, queued tasks = 0, completed tasks = 14]
21:26:30:870  INFO 15880 --- [nacos-grpc-client-executor-13] com.alibaba.nacos.common.remote.client   : [7ca17707-8941-46cb-900c-7f6533abdc7e] Receive server push request, request = NotifySubscriberRequest, requestId = 25
21:26:30:873  INFO 15880 --- [nacos-grpc-client-executor-13] com.alibaba.nacos.common.remote.client   : [7ca17707-8941-46cb-900c-7f6533abdc7e] Ack server push request, request = NotifySubscriberRequest, requestId = 25
21:28:51:620  WARN 15880 --- [Thread-7] c.a.n.common.http.HttpClientBeanHolder   : [HttpClientBeanHolder] Start destroying common HttpClient
21:28:51:620  WARN 15880 --- [Thread-4] c.a.nacos.common.notify.NotifyCenter     : [NotifyCenter] Start destroying Publisher
21:28:51:620  WARN 15880 --- [Thread-4] c.a.nacos.common.notify.NotifyCenter     : [NotifyCenter] Destruction of the end
21:28:51:621  WARN 15880 --- [Thread-7] c.a.n.common.http.HttpClientBeanHolder   : [HttpClientBeanHolder] Destruction of the end
21:28:52:075  INFO 15880 --- [SpringApplicationShutdownHook] c.a.c.n.registry.NacosServiceRegistry    : De-registering from Nacos Server now...
21:28:52:080  INFO 15880 --- [SpringApplicationShutdownHook] c.a.c.n.registry.NacosServiceRegistry    : De-registration finished.
21:28:52:400  INFO 15880 --- [SpringApplicationShutdownHook] com.alibaba.nacos.common.remote.client   : Shutdown rpc client, set status to shutdown
21:28:52:400  INFO 15880 --- [SpringApplicationShutdownHook] com.alibaba.nacos.common.remote.client   : Shutdown client event executor java.util.concurrent.ScheduledThreadPoolExecutor@516be42b[Running, pool size = 2, active threads = 2, queued tasks = 0, completed tasks = 0]
21:28:52:400  INFO 15880 --- [SpringApplicationShutdownHook] com.alibaba.nacos.common.remote.client   : Close current connection 1700227579448_127.0.0.1_52476
21:28:52:401  INFO 15880 --- [nacos-grpc-client-executor-47] c.a.n.c.remote.client.grpc.GrpcClient    : [1700227579448_127.0.0.1_52476]Ignore complete event,isRunning:false,isAbandon=false
21:28:52:403  INFO 15880 --- [SpringApplicationShutdownHook] c.a.n.c.remote.client.grpc.GrpcClient    : Shutdown grpc executor java.util.concurrent.ThreadPoolExecutor@e20627b[Running, pool size = 5, active threads = 0, queued tasks = 0, completed tasks = 48]
